2024-08-27.18:35:47 - Erro: Erro ao converter endereço IP (Success) in function serverInit at src/main.cpp:20 Error code: 0 Exception: byte inválido
2024-08-27.18:39:22 - Erro: Erro ao converter endereço IP in function serverInit at src/main.cpp:20 Error code:  Exception: byte inválido
2024-08-27.18:40:20 - Erro: Erro ao converter endereço IP in function serverInit at src/main.cpp:20 Error code:  Exception: byte inválido
2024-08-27.18:58:44 - Erro: Erro ao converter endereço IP in function serverInit at src/main.cpp:20 - byte inválido
2024-08-27.19:02:54 - Erro: Erro ao fazer bind in function serverInit at src/main.cpp:27 - Success
2024-08-27.19:04:21 - Erro: Erro ao fazer bind in function serverInit at src/main.cpp:27 exception: Success
2024-08-27.19:05:19 - Erro na conversão: byte inválido
2024-08-27.19:05:19 - Erro: Erro ao converter endereço IP in function serverInit at src/main.cpp:20 Exception: byte inválido
2024-08-27.19:07:46 - Erro na conversão: byte inválido
2024-08-27.19:07:46 - Erro: Erro ao converter endereço IP in function serverInit at src/main.cpp:20 Exception: byte inválido
2024-08-27.19:08:41 - conexao fechada
2024-08-27.19:08:41 - Erro: Erro ao fazer bind in function serverInit at src/main.cpp:29 Exception: Success
2024-08-27.19:14:20 - Servidor iniciado com sucesso
2024-08-27.19:14:36 - Conexão aceita
2024-08-27.19:14:36 - Mensagem recebida: GET / HTTP/1.1
Host: localhost:13000
Connection: keep-alive
sec-ch-ua: "Chromium";v="122", "Not(A:Brand";v="24", "Google Chrome";v="122"
sec-ch-ua-mobile: ?0
sec-ch-ua-platform: "Linux"
Upgrade-Insecure-Requests: 1
User-Agent: Mozilla/5.0 (X11; Lin
2024-08-27.19:14:36 - Conexão fechada
2024-08-27.19:14:37 - Conexão aceita
2024-08-27.19:14:37 - Mensagem recebida: GET / HTTP/1.1
Host: localhost:13000
Connection: keep-alive
sec-ch-ua: "Chromium";v="122", "Not(A:Brand";v="24", "Google Chrome";v="122"
sec-ch-ua-mobile: ?0
sec-ch-ua-platform: "Linux"
Upgrade-Insecure-Requests: 1
User-Agent: Mozilla/5.0 (X11; Lin
2024-08-27.19:14:37 - Conexão fechada
2024-08-27.19:14:37 - Conexão aceita
2024-08-27.19:14:38 - Mensagem recebida: GET / HTTP/1.1
Host: localhost:13000
Connection: keep-alive
Cache-Control: max-age=0
sec-ch-ua: "Chromium";v="122", "Not(A:Brand";v="24", "Google Chrome";v="122"
sec-ch-ua-mobile: ?0
sec-ch-ua-platform: "Linux"
Upgrade-Insecure-Requests: 1
User-Ag
2024-08-27.19:14:38 - Conexão fechada
2024-08-27.19:14:38 - Conexão aceita
2024-08-27.19:14:43 - Mensagem recebida: GET / HTTP/1.1
Host: localhost:13000
Connection: keep-alive
Cache-Control: max-age=0
sec-ch-ua: "Chromium";v="122", "Not(A:Brand";v="24", "Google Chrome";v="122"
sec-ch-ua-mobile: ?0
sec-ch-ua-platform: "Linux"
Upgrade-Insecure-Requests: 1
User-Ag
2024-08-27.19:14:43 - Conexão fechada
2024-08-27.19:14:43 - Conexão aceita
2024-08-27.19:15:13 - Mensagem recebida: GET / HTTP/1.1
Host: localhost:13000
Connection: keep-alive
Cache-Control: max-age=0
sec-ch-ua: "Chromium";v="122", "Not(A:Brand";v="24", "Google Chrome";v="122"
sec-ch-ua-mobile: ?0
sec-ch-ua-platform: "Linux"
Upgrade-Insecure-Requests: 1
User-Ag
2024-08-27.19:15:13 - Conexão fechada
2024-08-27.19:15:13 - Conexão aceita
2024-08-27.19:15:54 - Mensagem recebida: 
2024-08-27.19:15:54 - Conexão fechada
2024-08-27.19:15:54 - Conexão aceita
2024-08-27.19:16:14 - Mensagem recebida: 
2024-08-27.19:16:14 - Conexão fechada
2024-08-27.19:16:14 - Conexão aceita
2024-08-27.19:16:14 - Mensagem recebida: GET / HTTP/1.1
Host: localhost:13000
Connection: keep-alive
Cache-Control: max-age=0
sec-ch-ua: "Chromium";v="122", "Not(A:Brand";v="24", "Google Chrome";v="122"
sec-ch-ua-mobile: ?0
sec-ch-ua-platform: "Linux"
Upgrade-Insecure-Requests: 1
User-Ag
2024-08-27.19:16:14 - Conexão fechada
2024-08-27.19:16:14 - Conexão aceita
2024-08-27.19:17:16 - Mensagem recebida: 
2024-08-27.19:17:16 - Conexão fechada
2024-08-27.19:19:19 - Servidor iniciado com sucesso
2024-08-27.19:19:28 - Conexão aceita
2024-08-27.19:19:28 - Mensagem recebida: GET / HTTP/1.1
Host: localhost:13000
Connection: keep-alive
Cache-Control: max-age=0
sec-ch-ua: "Chromium";v="122", "Not(A:Brand";v="24", "Google Chrome";v="122"
sec-ch-ua-mobile: ?0
sec-ch-ua-platform: "Linux"
Upgrade-Insecure-Requests: 1
User-Ag
2024-08-27.19:19:28 - Conexão fechada
2024-08-27.19:19:28 - Conexão aceita
2024-08-27.19:20:04 - Conexão fechada por falha no bind
2024-08-27.19:20:04 - Erro: Erro ao fazer bind in function serverInit at src/main.cpp:70 Exception: Address already in use
2024-08-27.19:20:38 - Servidor iniciado com sucesso
2024-08-27.19:20:46 - Conexão aceita
2024-08-27.19:20:46 - Mensagem recebida: GET / HTTP/1.1
Host: localhost:13001
Connection: keep-alive
sec-ch-ua: "Chromium";v="122", "Not(A:Brand";v="24", "Google Chrome";v="122"
sec-ch-ua-mobile: ?0
sec-ch-ua-platform: "Linux"
Upgrade-Insecure-Requests: 1
User-Agent: Mozilla/5.0 (X11; Lin
2024-08-27.19:20:46 - Conexão fechada
2024-08-27.19:20:46 - Conexão aceita
2024-08-27.19:20:47 - Mensagem recebida: GET /favicon.ico HTTP/1.1
Host: localhost:13001
Connection: keep-alive
sec-ch-ua: "Chromium";v="122", "Not(A:Brand";v="24", "Google Chrome";v="122"
sec-ch-ua-mobile: ?0
User-Agent: Mozilla/5.0 (X11; Linux x86_64) AppleWebKit/537.36 (KHTML, like Gecko
2024-08-27.19:20:47 - Conexão fechada
